0 info it worked if it ends with ok
1 verbose cli [ 'C:\\Program Files\\nodejs\\node.exe',
1 verbose cli   'C:\\Program Files\\nodejs\\node_modules\\npm\\bin\\npm-cli.js',
1 verbose cli   'start' ]
2 info using npm@3.10.9
3 info using node@v6.9.2
4 verbose run-script [ 'prestart', 'start', 'poststart' ]
5 info lifecycle ums@1.0.0~prestart: ums@1.0.0
6 silly lifecycle ums@1.0.0~prestart: no script for prestart, continuing
7 info lifecycle ums@1.0.0~start: ums@1.0.0
8 verbose lifecycle ums@1.0.0~start: unsafe-perm in lifecycle true
9 verbose lifecycle ums@1.0.0~start: PATH: C:\Program Files\nodejs\node_modules\npm\bin\node-gyp-bin;C:\Documents and Settings\Brian Montero\Desktop\UserManagmentSystem\node_modules\.bin;C:\Program Files\nodejs;C:\Users\Brian Montero\.babun\cygwin\home\Brian Montero\.local\bin;C:\Users\Brian Montero\.babun\cygwin\usr\local\bin;C:\Users\Brian Montero\.babun\cygwin\usr\local\bin;C:\Users\Brian Montero\.babun\cygwin\bin;C:\Users\Brian Montero\.babun\cygwin\home\Brian Montero\.local\bin;C:\ProgramData\Oracle\Java\javapath;C:\Program Files (x86)\Rockwell Software\RSCommon;C:\Program Files (x86)\Intel\iCLS Client;C:\Program Files\Intel\iCLS Client;C:\windows\system32;C:\windows;C:\windows\System32\Wbem;C:\windows\System32\WindowsPowerShell\v1.0;C:\Program Files\Intel\Intel(R) Management Engine Components\DAL;C:\Program Files\Intel\Intel(R) Management Engine Components\IPT;C:\Program Files (x86)\Intel\Intel(R) Management Engine Components\DAL;C:\Program Files (x86)\Intel\Intel(R) Management Engine Components\IPT;C:\Program Files (x86)\Intel\OpenCL SDK\2.0\bin\x86;C:\Program Files (x86)\Intel\OpenCL SDK\2.0\bin\x64;C:\Program Files (x86)\Common Files\Rockwell;C:\Program Files (x86)\Microsoft ASP.NET\ASP.NET Web Pages\v1.0;C:\Program Files\Microsoft SQL Server\110\Tools\Binn;C:\Program Files\Microsoft\Web Platform Installer;C:\Program Files (x86)\Windows Kits\8.0\Windows Performance Toolkit;C:\Program Files (x86)\Windows Kits\8.1\Windows Performance Toolkit;C:\MinGW\bin;C:\MinGW\MSYS\1.0\bin;C:\Program Files (x86)\Sophos\Sophos SSL VPN Client\bin;C:\Program Files (x86)\Skype\Phone;C:\Program Files\OpenVPN\bin;C:\Program Files\nodejs;C:\Program Files (x86)\Sophos\Sophos SSL VPN Client\bin;C:\Users\Brian Montero\.babun;C:\Users\Brian Montero\AppData\Local\atom\bin;C:\Users\Brian Montero\AppData\Roaming\npm
10 verbose lifecycle ums@1.0.0~start: CWD: C:\Documents and Settings\Brian Montero\Desktop\UserManagmentSystem
11 silly lifecycle ums@1.0.0~start: Args: [ '/d /s /c', 'node app.js' ]
12 silly lifecycle ums@1.0.0~start: Returned: code: 1  signal: null
13 info lifecycle ums@1.0.0~start: Failed to exec start script
14 verbose stack Error: ums@1.0.0 start: `node app.js`
14 verbose stack Exit status 1
14 verbose stack     at EventEmitter.<anonymous> (C:\Program Files\nodejs\node_modules\npm\lib\utils\lifecycle.js:255:16)
14 verbose stack     at emitTwo (events.js:106:13)
14 verbose stack     at EventEmitter.emit (events.js:191:7)
14 verbose stack     at ChildProcess.<anonymous> (C:\Program Files\nodejs\node_modules\npm\lib\utils\spawn.js:40:14)
14 verbose stack     at emitTwo (events.js:106:13)
14 verbose stack     at ChildProcess.emit (events.js:191:7)
14 verbose stack     at maybeClose (internal/child_process.js:877:16)
14 verbose stack     at Process.ChildProcess._handle.onexit (internal/child_process.js:226:5)
15 verbose pkgid ums@1.0.0
16 verbose cwd C:\Documents and Settings\Brian Montero\Desktop\UserManagmentSystem
17 error Windows_NT 6.2.9200
18 error argv "C:\\Program Files\\nodejs\\node.exe" "C:\\Program Files\\nodejs\\node_modules\\npm\\bin\\npm-cli.js" "start"
19 error node v6.9.2
20 error npm  v3.10.9
21 error code ELIFECYCLE
22 error ums@1.0.0 start: `node app.js`
22 error Exit status 1
23 error Failed at the ums@1.0.0 start script 'node app.js'.
23 error Make sure you have the latest version of node.js and npm installed.
23 error If you do, this is most likely a problem with the ums package,
23 error not with npm itself.
23 error Tell the author that this fails on your system:
23 error     node app.js
23 error You can get information on how to open an issue for this project with:
23 error     npm bugs ums
23 error Or if that isn't available, you can get their info via:
23 error     npm owner ls ums
23 error There is likely additional logging output above.
24 verbose exit [ 1, true ]
